[debug] [2023-10-08T15:46:45.610Z] ----------------------------------------------------------------------
[debug] [2023-10-08T15:46:45.613Z] Command:       C:\Program Files\nodejs\node.exe C:\Users\muzam\AppData\Roaming\npm\node_modules\firebase-tools\lib\bin\firebase.js init
[debug] [2023-10-08T15:46:45.613Z] CLI Version:   12.5.2
[debug] [2023-10-08T15:46:45.614Z] Platform:      win32
[debug] [2023-10-08T15:46:45.614Z] Node Version:  v18.17.0
[debug] [2023-10-08T15:46:45.624Z] Time:          Sun Oct 08 2023 20:46:45 GMT+0500 (Pakistan Standard Time)
[debug] [2023-10-08T15:46:45.624Z] ----------------------------------------------------------------------
[debug] 
[debug] [2023-10-08T15:46:45.628Z] >>> [apiv2][query] GET https://firebase-public.firebaseio.com/cli.json [none]
[debug] [2023-10-08T15:46:45.693Z] > command requires scopes: ["email","openid","https://www.googleapis.com/auth/cloudplatformprojects.readonly","https://www.googleapis.com/auth/firebase","https://www.googleapis.com/auth/cloud-platform"]
[debug] [2023-10-08T15:46:45.693Z] > authorizing via signed-in user (muzammalbash@gmail.com)
[info] 
     ######## #### ########  ######## ########     ###     ######  ########
     ##        ##  ##     ## ##       ##     ##  ##   ##  ##       ##
     ######    ##  ########  ######   ########  #########  ######  ######
     ##        ##  ##    ##  ##       ##     ## ##     ##       ## ##
     ##       #### ##     ## ######## ########  ##     ##  ######  ########

You're about to initialize a Firebase project in this directory:

  E:\WEB\firebase\Book ecom

[debug] [2023-10-08T15:47:01.586Z] <<< [apiv2][status] GET https://firebase-public.firebaseio.com/cli.json 200
[debug] [2023-10-08T15:47:01.587Z] <<< [apiv2][body] GET https://firebase-public.firebaseio.com/cli.json {"cloudBuildErrorAfter":1594252800000,"cloudBuildWarnAfter":1590019200000,"defaultNode10After":1594252800000,"minVersion":"3.0.5","node8DeploysDisabledAfter":1613390400000,"node8RuntimeDisabledAfter":1615809600000,"node8WarnAfter":1600128000000}
[info] 
=== Project Setup
[info] 
[info] First, let's associate this project directory with a Firebase project.
[info] You can create multiple project aliases by running firebase use --add, 
[info] but for now we'll just set up a default project.
[info] 
[debug] [2023-10-08T15:47:33.325Z] > refreshing access token with scopes: []
[debug] [2023-10-08T15:47:33.327Z] >>> [apiv2][query] POST https://www.googleapis.com/oauth2/v3/token [none]
[debug] [2023-10-08T15:47:33.327Z] >>> [apiv2][body] POST https://www.googleapis.com/oauth2/v3/token [omitted]
[debug] [2023-10-08T15:47:33.770Z] <<< [apiv2][status] POST https://www.googleapis.com/oauth2/v3/token 200
[debug] [2023-10-08T15:47:33.771Z] <<< [apiv2][body] POST https://www.googleapis.com/oauth2/v3/token [omitted]
[debug] [2023-10-08T15:47:33.787Z] >>> [apiv2][query] GET https://firebase.googleapis.com/v1beta1/projects pageSize=100
[debug] [2023-10-08T15:47:35.028Z] <<< [apiv2][status] GET https://firebase.googleapis.com/v1beta1/projects 200
[debug] [2023-10-08T15:47:35.028Z] <<< [apiv2][body] GET https://firebase.googleapis.com/v1beta1/projects [omitted]
